<?xml version="1.0" encoding="UTF-8"?>
<coverage generated="1740523600">
  <project timestamp="1740523600">
    <file name="/opt/www/src/ConfigProvider.php">
      <class name="Backbone\ConfigProvider" namespace="global">
        <metrics complexity="1" methods="1" coveredmethods="0" conditionals="0" coveredconditionals="0" statements="45" coveredstatements="0" elements="46" coveredelements="0"/>
      </class>
      <line num="27" type="method" name="__invoke" visibility="public" complexity="1" crap="2" count="0"/>
      <line num="29" type="stmt" count="0"/>
      <line num="30" type="stmt" count="0"/>
      <line num="31" type="stmt" count="0"/>
      <line num="32" type="stmt" count="0"/>
      <line num="33" type="stmt" count="0"/>
      <line num="34" type="stmt" count="0"/>
      <line num="35" type="stmt" count="0"/>
      <line num="36" type="stmt" count="0"/>
      <line num="37" type="stmt" count="0"/>
      <line num="38" type="stmt" count="0"/>
      <line num="39" type="stmt" count="0"/>
      <line num="40" type="stmt" count="0"/>
      <line num="41" type="stmt" count="0"/>
      <line num="42" type="stmt" count="0"/>
      <line num="43" type="stmt" count="0"/>
      <line num="44" type="stmt" count="0"/>
      <line num="45" type="stmt" count="0"/>
      <line num="46" type="stmt" count="0"/>
      <line num="47" type="stmt" count="0"/>
      <line num="48" type="stmt" count="0"/>
      <line num="49" type="stmt" count="0"/>
      <line num="50" type="stmt" count="0"/>
      <line num="51" type="stmt" count="0"/>
      <line num="52" type="stmt" count="0"/>
      <line num="53" type="stmt" count="0"/>
      <line num="54" type="stmt" count="0"/>
      <line num="55" type="stmt" count="0"/>
      <line num="56" type="stmt" count="0"/>
      <line num="57" type="stmt" count="0"/>
      <line num="58" type="stmt" count="0"/>
      <line num="59" type="stmt" count="0"/>
      <line num="60" type="stmt" count="0"/>
      <line num="61" type="stmt" count="0"/>
      <line num="62" type="stmt" count="0"/>
      <line num="63" type="stmt" count="0"/>
      <line num="64" type="stmt" count="0"/>
      <line num="65" type="stmt" count="0"/>
      <line num="66" type="stmt" count="0"/>
      <line num="67" type="stmt" count="0"/>
      <line num="68" type="stmt" count="0"/>
      <line num="69" type="stmt" count="0"/>
      <line num="70" type="stmt" count="0"/>
      <line num="71" type="stmt" count="0"/>
      <line num="72" type="stmt" count="0"/>
      <line num="73" type="stmt" count="0"/>
      <metrics loc="76" ncloc="76" classes="1" methods="1" coveredmethods="0" conditionals="0" coveredconditionals="0" statements="45" coveredstatements="0" elements="46" coveredelements="0"/>
    </file>
    <file name="/opt/www/src/Domain/Collection/AbstractCollection.php">
      <class name="Backbone\Domain\Collection\AbstractCollection" namespace="global">
        <metrics complexity="10" methods="10" coveredmethods="10" conditionals="0" coveredconditionals="0" statements="10" coveredstatements="10" elements="20" coveredelements="20"/>
      </class>
      <line num="20" type="method" name="__construct" visibility="public" complexity="1" crap="1" count="11"/>
      <line num="22" type="stmt" count="11"/>
      <line num="24" type="method" name="rewind" visibility="public" complexity="1" crap="1" count="1"/>
      <line num="26" type="stmt" count="1"/>
      <line num="29" type="method" name="key" visibility="public" complexity="1" crap="1" count="3"/>
      <line num="31" type="stmt" count="3"/>
      <line num="34" type="method" name="next" visibility="public" complexity="1" crap="1" count="4"/>
      <line num="36" type="stmt" count="4"/>
      <line num="39" type="method" name="valid" visibility="public" complexity="1" crap="1" count="1"/>
      <line num="41" type="stmt" count="1"/>
      <line num="44" type="method" name="count" visibility="public" complexity="1" crap="1" count="2"/>
      <line num="46" type="stmt" count="2"/>
      <line num="49" type="method" name="all" visibility="public" complexity="1" crap="1" count="1"/>
      <line num="51" type="stmt" count="1"/>
      <line num="54" type="method" name="map" visibility="public" complexity="1" crap="1" count="1"/>
      <line num="56" type="stmt" count="1"/>
      <line num="59" type="method" name="data" visibility="protected" complexity="1" crap="1" count="2"/>
      <line num="61" type="stmt" count="2"/>
      <line num="64" type="method" name="datum" visibility="protected" complexity="1" crap="1" count="1"/>
      <line num="66" type="stmt" count="1"/>
      <metrics loc="69" ncloc="65" classes="1" methods="10" coveredmethods="10" conditionals="0" coveredconditionals="0" statements="10" coveredstatements="10" elements="20" coveredelements="20"/>
    </file>
    <file name="/opt/www/src/Domain/Collection/Collection.php">
      <class name="Backbone\Domain\Collection\Collection" namespace="global">
        <metrics complexity="7" methods="5" coveredmethods="5" conditionals="0" coveredconditionals="0" statements="12" coveredstatements="12" elements="17" coveredelements="17"/>
      </class>
      <line num="16" type="method" name="__construct" visibility="private" complexity="1" crap="1" count="3"/>
      <line num="18" type="stmt" count="3"/>
      <line num="26" type="method" name="createFrom" visibility="public" complexity="3" crap="3" count="3"/>
      <line num="28" type="stmt" count="3"/>
      <line num="29" type="stmt" count="3"/>
      <line num="30" type="stmt" count="3"/>
      <line num="31" type="stmt" count="2"/>
      <line num="32" type="stmt" count="2"/>
      <line num="34" type="stmt" count="1"/>
      <line num="36" type="stmt" count="2"/>
      <line num="43" type="method" name="append" visibility="protected" complexity="1" crap="1" count="2"/>
      <line num="45" type="stmt" count="2"/>
      <line num="48" type="method" name="push" visibility="protected" complexity="1" crap="1" count="1"/>
      <line num="50" type="stmt" count="1"/>
      <line num="55" type="method" name="exception" visibility="protected" complexity="1" crap="1" count="1"/>
      <line num="57" type="stmt" count="1"/>
      <line num="58" type="stmt" count="1"/>
      <metrics loc="61" ncloc="48" classes="1" methods="5" coveredmethods="5" conditionals="0" coveredconditionals="0" statements="12" coveredstatements="12" elements="17" coveredelements="17"/>
    </file>
    <file name="/opt/www/src/Domain/Contract/Deserializer.php">
      <metrics loc="18" ncloc="11" classes="0" methods="0" coveredmethods="0" conditionals="0" coveredconditionals="0" statements="0" coveredstatements="0" elements="0" coveredelements="0"/>
    </file>
    <file name="/opt/www/src/Domain/Contract/Result.php">
      <metrics loc="15" ncloc="15" classes="0" methods="0" coveredmethods="0" conditionals="0" coveredconditionals="0" statements="0" coveredstatements="0" elements="0" coveredelements="0"/>
    </file>
    <file name="/opt/www/src/Domain/Contract/Serializer.php">
      <metrics loc="18" ncloc="11" classes="0" methods="0" coveredmethods="0" conditionals="0" coveredconditionals="0" statements="0" coveredstatements="0" elements="0" coveredelements="0"/>
    </file>
    <file name="/opt/www/src/Domain/Entity/Entity.php">
      <class name="Backbone\Domain\Entity\Entity" namespace="global">
        <metrics complexity="0" methods="0" coveredmethods="0" conditionals="0" coveredconditionals="0" statements="0" coveredstatements="0" elements="0" coveredelements="0"/>
      </class>
      <metrics loc="12" ncloc="12" classes="0" methods="0" coveredmethods="0" conditionals="0" coveredconditionals="0" statements="0" coveredstatements="0" elements="0" coveredelements="0"/>
    </file>
    <file name="/opt/www/src/Domain/Exception/GeneratingException.php">
      <class name="Backbone\Domain\Exception\GeneratingException" namespace="global">
        <metrics complexity="1" methods="1" coveredmethods="1" conditionals="0" coveredconditionals="0" statements="4" coveredstatements="4" elements="5" coveredelements="5"/>
      </class>
      <line num="14" type="method" name="__construct" visibility="public" complexity="1" crap="1" count="1"/>
      <line num="18" type="stmt" count="1"/>
      <line num="19" type="stmt" count="1"/>
      <line num="20" type="stmt" count="1"/>
      <line num="21" type="stmt" count="1"/>
      <metrics loc="24" ncloc="24" classes="1" methods="1" coveredmethods="1" conditionals="0" coveredconditionals="0" statements="4" coveredstatements="4" elements="5" coveredelements="5"/>
    </file>
    <file name="/opt/www/src/Domain/Exception/Mapping/NotResolved.php">
      <class name="Backbone\Domain\Exception\Mapping\NotResolved" namespace="global">
        <metrics complexity="2" methods="2" coveredmethods="2" conditionals="0" coveredconditionals="0" statements="11" coveredstatements="11" elements="13" coveredelements="13"/>
      </class>
      <line num="11" type="method" name="__construct" visibility="public" complexity="1" crap="1" count="2"/>
      <line num="16" type="stmt" count="2"/>
      <line num="18" type="method" name="message" visibility="public" complexity="1" crap="1" count="2"/>
      <line num="20" type="stmt" count="2"/>
      <line num="21" type="stmt" count="2"/>
      <line num="22" type="stmt" count="2"/>
      <line num="23" type="stmt" count="2"/>
      <line num="24" type="stmt" count="2"/>
      <line num="25" type="stmt" count="2"/>
      <line num="26" type="stmt" count="2"/>
      <line num="27" type="stmt" count="2"/>
      <line num="28" type="stmt" count="2"/>
      <line num="29" type="stmt" count="2"/>
      <metrics loc="32" ncloc="32" classes="1" methods="2" coveredmethods="2" conditionals="0" coveredconditionals="0" statements="11" coveredstatements="11" elements="13" coveredelements="13"/>
    </file>
    <file name="/opt/www/src/Domain/Exception/Mapping/NotResolvedType.php">
      <metrics loc="12" ncloc="12" classes="0" methods="0" coveredmethods="0" conditionals="0" coveredconditionals="0" statements="0" coveredstatements="0" elements="0" coveredelements="0"/>
    </file>
    <file name="/opt/www/src/Domain/Exception/MappingException.php">
      <class name="Backbone\Domain\Exception\MappingException" namespace="global">
        <metrics complexity="5" methods="4" coveredmethods="4" conditionals="0" coveredconditionals="0" statements="13" coveredstatements="13" elements="17" coveredelements="17"/>
      </class>
      <line num="24" type="method" name="__construct" visibility="public" complexity="1" crap="1" count="3"/>
      <line num="29" type="stmt" count="3"/>
      <line num="30" type="stmt" count="3"/>
      <line num="31" type="stmt" count="3"/>
      <line num="32" type="stmt" count="3"/>
      <line num="40" type="method" name="parse" visibility="private" complexity="2" crap="2" count="3"/>
      <line num="42" type="stmt" count="3"/>
      <line num="43" type="stmt" count="1"/>
      <line num="45" type="stmt" count="2"/>
      <line num="46" type="stmt" count="2"/>
      <line num="47" type="stmt" count="2"/>
      <line num="48" type="stmt" count="2"/>
      <line num="49" type="stmt" count="2"/>
      <line num="56" type="method" name="merge" visibility="private" complexity="1" crap="1" count="2"/>
      <line num="58" type="stmt" count="2"/>
      <line num="61" type="method" name="getUnresolved" visibility="public" complexity="1" crap="1" count="1"/>
      <line num="63" type="stmt" count="1"/>
      <metrics loc="66" ncloc="52" classes="1" methods="4" coveredmethods="4" conditionals="0" coveredconditionals="0" statements="13" coveredstatements="13" elements="17" coveredelements="17"/>
    </file>
    <file name="/opt/www/src/Domain/Support/Outputable.php">
      <class name="Backbone\Domain\Support\Outputable" namespace="global">
        <metrics complexity="8" methods="5" coveredmethods="5" conditionals="0" coveredconditionals="0" statements="15" coveredstatements="15" elements="20" coveredelements="20"/>
      </class>
      <line num="19" type="method" name="properties" visibility="public" complexity="1" crap="1" count="1"/>
      <line num="21" type="stmt" count="1"/>
      <line num="24" type="method" name="content" visibility="public" complexity="2" crap="2" count="2"/>
      <line num="26" type="stmt" count="2"/>
      <line num="27" type="stmt" count="2"/>
      <line num="28" type="stmt" count="1"/>
      <line num="30" type="stmt" count="1"/>
      <line num="36" type="method" name="extract" visibility="public" complexity="2" crap="2" count="9"/>
      <line num="38" type="stmt" count="9"/>
      <line num="39" type="stmt" count="9"/>
      <line num="40" type="stmt" count="9"/>
      <line num="41" type="stmt" count="7"/>
      <line num="42" type="stmt" count="7"/>
      <line num="44" type="stmt" count="9"/>
      <line num="47" type="method" name="__toString" visibility="public" complexity="2" crap="2" count="2"/>
      <line num="50" type="stmt" count="2"/>
      <line num="51" type="stmt" count="1"/>
      <line num="52" type="stmt" count="1"/>
      <line num="59" type="method" name="jsonSerialize" visibility="public" complexity="1" crap="1" count="6"/>
      <line num="61" type="stmt" count="6"/>
      <metrics loc="64" ncloc="58" classes="1" methods="5" coveredmethods="5" conditionals="0" coveredconditionals="0" statements="15" coveredstatements="15" elements="20" coveredelements="20"/>
    </file>
    <file name="/opt/www/src/Domain/Support/Value.php">
      <class name="Backbone\Domain\Support\Value" namespace="global">
        <metrics complexity="1" methods="1" coveredmethods="1" conditionals="0" coveredconditionals="0" statements="1" coveredstatements="1" elements="2" coveredelements="2"/>
      </class>
      <line num="9" type="method" name="__construct" visibility="public" complexity="1" crap="1" count="17"/>
      <line num="11" type="stmt" count="17"/>
      <metrics loc="13" ncloc="13" classes="1" methods="1" coveredmethods="1" conditionals="0" coveredconditionals="0" statements="1" coveredstatements="1" elements="2" coveredelements="2"/>
    </file>
    <file name="/opt/www/src/Domain/Support/Values.php">
      <class name="Backbone\Domain\Support\Values" namespace="global">
        <metrics complexity="11" methods="7" coveredmethods="7" conditionals="0" coveredconditionals="0" statements="14" coveredstatements="14" elements="21" coveredelements="21"/>
      </class>
      <line num="23" type="method" name="__construct" visibility="public" complexity="4" crap="4" count="32"/>
      <line num="25" type="stmt" count="32"/>
      <line num="26" type="stmt" count="1"/>
      <line num="28" type="stmt" count="31"/>
      <line num="29" type="stmt" count="31"/>
      <line num="30" type="stmt" count="25"/>
      <line num="31" type="stmt" count="1"/>
      <line num="33" type="stmt" count="24"/>
      <line num="35" type="stmt" count="30"/>
      <line num="38" type="method" name="createFrom" visibility="public" complexity="1" crap="1" count="24"/>
      <line num="40" type="stmt" count="24"/>
      <line num="43" type="method" name="get" visibility="public" complexity="1" crap="1" count="12"/>
      <line num="45" type="stmt" count="12"/>
      <line num="48" type="method" name="with" visibility="public" complexity="1" crap="1" count="4"/>
      <line num="50" type="stmt" count="4"/>
      <line num="56" type="method" name="toArray" visibility="public" complexity="2" crap="2" count="17"/>
      <line num="58" type="stmt" count="17"/>
      <line num="61" type="method" name="along" visibility="public" complexity="1" crap="1" count="3"/>
      <line num="63" type="stmt" count="3"/>
      <line num="66" type="method" name="has" visibility="public" complexity="1" crap="1" count="7"/>
      <line num="68" type="stmt" count="7"/>
      <metrics loc="71" ncloc="65" classes="1" methods="7" coveredmethods="7" conditionals="0" coveredconditionals="0" statements="14" coveredstatements="14" elements="21" coveredelements="21"/>
    </file>
    <file name="/opt/www/src/Infrastructure/Adapter/Input.php">
      <class name="Backbone\Infrastructure\Adapter\Input" namespace="global">
        <metrics complexity="13" methods="8" coveredmethods="8" conditionals="0" coveredconditionals="0" statements="22" coveredstatements="22" elements="30" coveredelements="30"/>
      </class>
      <line num="24" type="method" name="__construct" visibility="public" complexity="1" crap="1" count="7"/>
      <line num="28" type="stmt" count="7"/>
      <line num="30" type="stmt" count="7"/>
      <line num="33" type="method" name="authorize" visibility="public" complexity="1" crap="1" count="1"/>
      <line num="35" type="stmt" count="1"/>
      <line num="41" type="method" name="input" visibility="public" complexity="1" crap="1" count="1"/>
      <line num="43" type="stmt" count="1"/>
      <line num="52" type="method" name="value" visibility="public" complexity="1" crap="1" count="4"/>
      <line num="54" type="stmt" count="4"/>
      <line num="61" type="method" name="values" visibility="public" complexity="2" crap="2" count="5"/>
      <line num="63" type="stmt" count="5"/>
      <line num="64" type="stmt" count="2"/>
      <line num="66" type="stmt" count="3"/>
      <line num="72" type="method" name="post" visibility="public" complexity="2" crap="2" count="2"/>
      <line num="74" type="stmt" count="2"/>
      <line num="75" type="stmt" count="1"/>
      <line num="77" type="stmt" count="1"/>
      <line num="80" type="method" name="validationData" visibility="protected" complexity="1" crap="1" count="2"/>
      <line num="82" type="stmt" count="2"/>
      <line num="83" type="stmt" count="2"/>
      <line num="84" type="stmt" count="2"/>
      <line num="87" type="method" name="extractParams" visibility="private" complexity="4" crap="4" count="2"/>
      <line num="89" type="stmt" count="2"/>
      <line num="90" type="stmt" count="2"/>
      <line num="91" type="stmt" count="2"/>
      <line num="92" type="stmt" count="2"/>
      <line num="95" type="stmt" count="2"/>
      <line num="96" type="stmt" count="2"/>
      <line num="97" type="stmt" count="1"/>
      <line num="100" type="stmt" count="2"/>
      <metrics loc="103" ncloc="84" classes="1" methods="8" coveredmethods="8" conditionals="0" coveredconditionals="0" statements="22" coveredstatements="22" elements="30" coveredelements="30"/>
    </file>
    <file name="/opt/www/src/Infrastructure/Adapter/Serializing/Converter.php">
      <metrics loc="11" ncloc="11" classes="0" methods="0" coveredmethods="0" conditionals="0" coveredconditionals="0" statements="0" coveredstatements="0" elements="0" coveredelements="0"/>
    </file>
    <file name="/opt/www/src/Infrastructure/Adapter/Serializing/Deserialize/Chain.php">
      <class name="Backbone\Infrastructure\Adapter\Serializing\Deserialize\Chain" namespace="global">
        <metrics complexity="4" methods="3" coveredmethods="3" conditionals="0" coveredconditionals="0" statements="6" coveredstatements="6" elements="9" coveredelements="9"/>
      </class>
      <line num="13" type="method" name="then" visibility="public" complexity="1" crap="1" count="1"/>
      <line num="15" type="stmt" count="1"/>
      <line num="16" type="stmt" count="1"/>
      <line num="19" type="method" name="previous" visibility="protected" complexity="1" crap="1" count="1"/>
      <line num="21" type="stmt" count="1"/>
      <line num="24" type="method" name="resolve" visibility="public" complexity="2" crap="2" count="8"/>
      <line num="26" type="stmt" count="8"/>
      <line num="27" type="stmt" count="7"/>
      <line num="29" type="stmt" count="1"/>
      <metrics loc="32" ncloc="32" classes="1" methods="3" coveredmethods="3" conditionals="0" coveredconditionals="0" statements="6" coveredstatements="6" elements="9" coveredelements="9"/>
    </file>
    <file name="/opt/www/src/Infrastructure/Adapter/Serializing/Deserialize/Demolisher.php">
      <class name="Backbone\Infrastructure\Adapter\Serializing\Deserialize\Demolisher" namespace="global">
        <metrics complexity="4" methods="2" coveredmethods="1" conditionals="0" coveredconditionals="0" statements="13" coveredstatements="12" elements="15" coveredelements="13"/>
      </class>
      <line num="21" type="method" name="demolish" visibility="public" complexity="2" crap="2" count="2"/>
      <line num="23" type="stmt" count="2"/>
      <line num="24" type="stmt" count="2"/>
      <line num="25" type="stmt" count="2"/>
      <line num="26" type="stmt" count="1"/>
      <line num="28" type="stmt" count="1"/>
      <line num="29" type="stmt" count="1"/>
      <line num="30" type="stmt" count="1"/>
      <line num="31" type="stmt" count="1"/>
      <line num="33" type="stmt" count="1"/>
      <line num="35" type="stmt" count="2"/>
      <line num="38" type="method" name="extractValues" visibility="public" complexity="2" crap="2.15" count="2"/>
      <line num="40" type="stmt" count="2"/>
      <line num="41" type="stmt" count="0"/>
      <line num="43" type="stmt" count="2"/>
      <metrics loc="46" ncloc="42" classes="1" methods="2" coveredmethods="1" conditionals="0" coveredconditionals="0" statements="13" coveredstatements="12" elements="15" coveredelements="13"/>
    </file>
    <file name="/opt/www/src/Infrastructure/Adapter/Serializing/Deserialize/Resolve/ConverterChain.php">
      <class name="Backbone\Infrastructure\Adapter\Serializing\Deserialize\Resolve\ConverterChain" namespace="global">
        <metrics complexity="5" methods="2" coveredmethods="2" conditionals="0" coveredconditionals="0" statements="15" coveredstatements="15" elements="17" coveredelements="17"/>
      </class>
      <line num="16" type="method" name="resolve" visibility="public" complexity="2" crap="2" count="8"/>
      <line num="18" type="stmt" count="8"/>
      <line num="19" type="stmt" count="8"/>
      <line num="20" type="stmt" count="8"/>
      <line num="21" type="stmt" count="7"/>
      <line num="23" type="stmt" count="1"/>
      <line num="26" type="method" name="extractType" visibility="private" complexity="3" crap="3" count="8"/>
      <line num="28" type="stmt" count="8"/>
      <line num="29" type="stmt" count="8"/>
      <line num="30" type="stmt" count="1"/>
      <line num="31" type="stmt" count="2"/>
      <line num="32" type="stmt" count="1"/>
      <line num="33" type="stmt" count="5"/>
      <line num="34" type="stmt" count="8"/>
      <line num="35" type="stmt" count="8"/>
      <line num="36" type="stmt" count="1"/>
      <line num="38" type="stmt" count="8"/>
      <metrics loc="41" ncloc="41" classes="1" methods="2" coveredmethods="2" conditionals="0" coveredconditionals="0" statements="15" coveredstatements="15" elements="17" coveredelements="17"/>
    </file>
    <file name="/opt/www/src/Infrastructure/Adapter/Serializing/Deserialize/Resolve/DependencyChain.php">
      <class name="Backbone\Infrastructure\Adapter\Serializing\Deserialize\Resolve\DependencyChain" namespace="global">
        <metrics complexity="2" methods="1" coveredmethods="1" conditionals="0" coveredconditionals="0" statements="3" coveredstatements="3" elements="4" coveredelements="4"/>
      </class>
      <line num="14" type="method" name="resolve" visibility="public" complexity="2" crap="2" count="3"/>
      <line num="16" type="stmt" count="3"/>
      <line num="17" type="stmt" count="1"/>
      <line num="19" type="stmt" count="2"/>
      <metrics loc="22" ncloc="22" classes="1" methods="1" coveredmethods="1" conditionals="0" coveredconditionals="0" statements="3" coveredstatements="3" elements="4" coveredelements="4"/>
    </file>
    <file name="/opt/www/src/Infrastructure/Adapter/Serializing/Deserialize/Resolve/DoNothingChain.php">
      <class name="Backbone\Infrastructure\Adapter\Serializing\Deserialize\Resolve\DoNothingChain" namespace="global">
        <metrics complexity="1" methods="1" coveredmethods="1" conditionals="0" coveredconditionals="0" statements="1" coveredstatements="1" elements="2" coveredelements="2"/>
      </class>
      <line num="12" type="method" name="resolve" visibility="public" complexity="1" crap="1" count="2"/>
      <line num="14" type="stmt" count="2"/>
      <metrics loc="17" ncloc="17" classes="1" methods="1" coveredmethods="1" conditionals="0" coveredconditionals="0" statements="1" coveredstatements="1" elements="2" coveredelements="2"/>
    </file>
    <file name="/opt/www/src/Infrastructure/Adapter/Serializing/Deserializer.php">
      <class name="Backbone\Infrastructure\Adapter\Serializing\Deserializer" namespace="global">
        <metrics complexity="4" methods="2" coveredmethods="2" conditionals="0" coveredconditionals="0" statements="4" coveredstatements="4" elements="6" coveredelements="6"/>
      </class>
      <line num="23" type="method" name="__construct" visibility="public" complexity="1" crap="1" count="2"/>
      <line num="28" type="stmt" count="2"/>
      <line num="35" type="method" name="deserialize" visibility="public" complexity="3" crap="3" count="2"/>
      <line num="37" type="stmt" count="2"/>
      <line num="38" type="stmt" count="1"/>
      <line num="41" type="stmt" count="1"/>
      <metrics loc="44" ncloc="33" classes="1" methods="2" coveredmethods="2" conditionals="0" coveredconditionals="0" statements="4" coveredstatements="4" elements="6" coveredelements="6"/>
    </file>
    <file name="/opt/www/src/Infrastructure/Adapter/Serializing/DeserializerFactory.php">
      <class name="Backbone\Infrastructure\Adapter\Serializing\DeserializerFactory" namespace="global">
        <metrics complexity="2" methods="2" coveredmethods="0" conditionals="0" coveredconditionals="0" statements="2" coveredstatements="0" elements="4" coveredelements="0"/>
      </class>
      <line num="14" type="method" name="make" visibility="public" complexity="1" crap="2" count="0"/>
      <line num="16" type="stmt" count="0"/>
      <line num="19" type="method" name="converters" visibility="protected" complexity="1" crap="2" count="0"/>
      <line num="21" type="stmt" count="0"/>
      <metrics loc="24" ncloc="19" classes="1" methods="2" coveredmethods="0" conditionals="0" coveredconditionals="0" statements="2" coveredstatements="0" elements="4" coveredelements="0"/>
    </file>
    <file name="/opt/www/src/Infrastructure/Adapter/Serializing/Serialize/Builder.php">
      <class name="Backbone\Infrastructure\Adapter\Serializing\Serialize\Builder" namespace="global">
        <metrics complexity="11" methods="3" coveredmethods="3" conditionals="0" coveredconditionals="0" statements="33" coveredstatements="33" elements="36" coveredelements="36"/>
      </class>
      <line num="29" type="method" name="build" visibility="public" complexity="4" crap="4" count="8"/>
      <line num="32" type="stmt" count="8"/>
      <line num="33" type="stmt" count="7"/>
      <line num="35" type="stmt" count="7"/>
      <line num="36" type="stmt" count="1"/>
      <line num="39" type="stmt" count="6"/>
      <line num="40" type="stmt" count="6"/>
      <line num="41" type="stmt" count="6"/>
      <line num="42" type="stmt" count="4"/>
      <line num="43" type="stmt" count="3"/>
      <line num="44" type="stmt" count="2"/>
      <line num="45" type="stmt" count="1"/>
      <line num="46" type="stmt" count="1"/>
      <line num="55" type="method" name="prepare" visibility="private" complexity="4" crap="4" count="6"/>
      <line num="57" type="stmt" count="6"/>
      <line num="58" type="stmt" count="6"/>
      <line num="59" type="stmt" count="6"/>
      <line num="60" type="stmt" count="6"/>
      <line num="61" type="stmt" count="6"/>
      <line num="63" type="stmt" count="6"/>
      <line num="67" type="stmt" count="3"/>
      <line num="68" type="stmt" count="3"/>
      <line num="69" type="stmt" count="3"/>
      <line num="71" type="stmt" count="2"/>
      <line num="73" type="stmt" count="3"/>
      <line num="76" type="stmt" count="6"/>
      <line num="84" type="method" name="resolve" visibility="private" complexity="3" crap="3" count="6"/>
      <line num="86" type="stmt" count="6"/>
      <line num="87" type="stmt" count="6"/>
      <line num="88" type="stmt" count="6"/>
      <line num="89" type="stmt" count="6"/>
      <line num="90" type="stmt" count="6"/>
      <line num="92" type="stmt" count="6"/>
      <line num="95" type="stmt" count="6"/>
      <line num="96" type="stmt" count="4"/>
      <line num="98" type="stmt" count="2"/>
      <metrics loc="101" ncloc="82" classes="1" methods="3" coveredmethods="3" conditionals="0" coveredconditionals="0" statements="33" coveredstatements="33" elements="36" coveredelements="36"/>
    </file>
    <file name="/opt/www/src/Infrastructure/Adapter/Serializing/Serialize/Context.php">
      <class name="Backbone\Infrastructure\Adapter\Serializing\Serialize\Context" namespace="global">
        <metrics complexity="1" methods="1" coveredmethods="1" conditionals="0" coveredconditionals="0" statements="1" coveredstatements="1" elements="2" coveredelements="2"/>
      </class>
      <line num="11" type="method" name="__construct" visibility="public" complexity="1" crap="1" count="2"/>
      <line num="15" type="stmt" count="2"/>
      <metrics loc="17" ncloc="17" classes="1" methods="1" coveredmethods="1" conditionals="0" coveredconditionals="0" statements="1" coveredstatements="1" elements="2" coveredelements="2"/>
    </file>
    <file name="/opt/www/src/Infrastructure/Adapter/Serializing/Serialize/Engine.php">
      <class name="Backbone\Infrastructure\Adapter\Serializing\Serialize\Engine" namespace="global">
        <metrics complexity="9" methods="4" coveredmethods="4" conditionals="0" coveredconditionals="0" statements="17" coveredstatements="17" elements="21" coveredelements="21"/>
      </class>
      <line num="21" type="method" name="__construct" visibility="public" complexity="1" crap="1" count="20"/>
      <line num="25" type="stmt" count="20"/>
      <line num="31" type="method" name="normalizeType" visibility="protected" complexity="4" crap="4" count="5"/>
      <line num="33" type="stmt" count="5"/>
      <line num="34" type="stmt" count="5"/>
      <line num="36" type="stmt" count="1"/>
      <line num="38" type="stmt" count="1"/>
      <line num="39" type="stmt" count="1"/>
      <line num="40" type="stmt" count="1"/>
      <line num="41" type="stmt" count="1"/>
      <line num="42" type="stmt" count="1"/>
      <line num="44" type="stmt" count="1"/>
      <line num="47" type="method" name="normalize" visibility="protected" complexity="2" crap="2" count="7"/>
      <line num="49" type="stmt" count="7"/>
      <line num="50" type="stmt" count="7"/>
      <line num="51" type="stmt" count="7"/>
      <line num="52" type="stmt" count="7"/>
      <line num="53" type="stmt" count="7"/>
      <line num="56" type="method" name="conversor" visibility="protected" complexity="2" crap="2" count="13"/>
      <line num="58" type="stmt" count="13"/>
      <line num="59" type="stmt" count="13"/>
      <metrics loc="62" ncloc="57" classes="1" methods="4" coveredmethods="4" conditionals="0" coveredconditionals="0" statements="17" coveredstatements="17" elements="21" coveredelements="21"/>
    </file>
    <file name="/opt/www/src/Infrastructure/Adapter/Serializing/Serialize/Prepare/Chain.php">
      <class name="Backbone\Infrastructure\Adapter\Serializing\Serialize\Prepare\Chain" namespace="global">
        <metrics complexity="4" methods="3" coveredmethods="3" conditionals="0" coveredconditionals="0" statements="6" coveredstatements="6" elements="9" coveredelements="9"/>
      </class>
      <line num="16" type="method" name="then" visibility="public" complexity="1" crap="1" count="6"/>
      <line num="18" type="stmt" count="6"/>
      <line num="19" type="stmt" count="6"/>
      <line num="22" type="method" name="previous" visibility="protected" complexity="1" crap="1" count="6"/>
      <line num="24" type="stmt" count="6"/>
      <line num="27" type="method" name="resolve" visibility="public" complexity="2" crap="2" count="5"/>
      <line num="29" type="stmt" count="5"/>
      <line num="30" type="stmt" count="5"/>
      <line num="32" type="stmt" count="5"/>
      <metrics loc="35" ncloc="35" classes="1" methods="3" coveredmethods="3" conditionals="0" coveredconditionals="0" statements="6" coveredstatements="6" elements="9" coveredelements="9"/>
    </file>
    <file name="/opt/www/src/Infrastructure/Adapter/Serializing/Serialize/Prepare/ConverterChain.php">
      <class name="Backbone\Infrastructure\Adapter\Serializing\Serialize\Prepare\ConverterChain" namespace="global">
        <metrics complexity="3" methods="1" coveredmethods="1" conditionals="0" coveredconditionals="0" statements="8" coveredstatements="8" elements="9" coveredelements="9"/>
      </class>
      <line num="14" type="method" name="resolve" visibility="public" complexity="3" crap="3" count="5"/>
      <line num="16" type="stmt" count="5"/>
      <line num="17" type="stmt" count="5"/>
      <line num="18" type="stmt" count="1"/>
      <line num="20" type="stmt" count="5"/>
      <line num="21" type="stmt" count="5"/>
      <line num="22" type="stmt" count="5"/>
      <line num="24" type="stmt" count="1"/>
      <line num="25" type="stmt" count="1"/>
      <metrics loc="28" ncloc="28" classes="1" methods="1" coveredmethods="1" conditionals="0" coveredconditionals="0" statements="8" coveredstatements="8" elements="9" coveredelements="9"/>
    </file>
    <file name="/opt/www/src/Infrastructure/Adapter/Serializing/Serialize/Prepare/DependencyChain.php">
      <class name="Backbone\Infrastructure\Adapter\Serializing\Serialize\Prepare\DependencyChain" namespace="global">
        <metrics complexity="14" methods="4" coveredmethods="4" conditionals="0" coveredconditionals="0" statements="31" coveredstatements="31" elements="35" coveredelements="35"/>
      </class>
      <line num="24" type="method" name="resolve" visibility="public" complexity="3" crap="3" count="5"/>
      <line num="26" type="stmt" count="5"/>
      <line num="27" type="stmt" count="5"/>
      <line num="28" type="stmt" count="5"/>
      <line num="29" type="stmt" count="5"/>
      <line num="31" type="stmt" count="4"/>
      <line num="32" type="stmt" count="4"/>
      <line num="33" type="stmt" count="4"/>
      <line num="34" type="stmt" count="4"/>
      <line num="36" type="stmt" count="2"/>
      <line num="37" type="stmt" count="2"/>
      <line num="44" type="method" name="resolveDependencyClass" visibility="private" complexity="4" crap="4" count="5"/>
      <line num="46" type="stmt" count="5"/>
      <line num="47" type="stmt" count="5"/>
      <line num="48" type="stmt" count="5"/>
      <line num="49" type="stmt" count="5"/>
      <line num="50" type="stmt" count="4"/>
      <line num="53" type="stmt" count="5"/>
      <line num="63" type="method" name="resolveDependencyArgs" visibility="private" complexity="3" crap="3" count="4"/>
      <line num="65" type="stmt" count="4"/>
      <line num="66" type="stmt" count="4"/>
      <line num="67" type="stmt" count="4"/>
      <line num="68" type="stmt" count="4"/>
      <line num="70" type="stmt" count="3"/>
      <line num="71" type="stmt" count="3"/>
      <line num="72" type="stmt" count="1"/>
      <line num="74" type="stmt" count="2"/>
      <line num="82" type="method" name="parseParametersToValues" visibility="protected" complexity="4" crap="4" count="2"/>
      <line num="84" type="stmt" count="2"/>
      <line num="85" type="stmt" count="2"/>
      <line num="86" type="stmt" count="2"/>
      <line num="87" type="stmt" count="2"/>
      <line num="88" type="stmt" count="2"/>
      <line num="89" type="stmt" count="2"/>
      <line num="92" type="stmt" count="2"/>
      <metrics loc="95" ncloc="76" classes="1" methods="4" coveredmethods="4" conditionals="0" coveredconditionals="0" statements="31" coveredstatements="31" elements="35" coveredelements="35"/>
    </file>
    <file name="/opt/www/src/Infrastructure/Adapter/Serializing/Serialize/Prepare/EmptyChain.php">
      <class name="Backbone\Infrastructure\Adapter\Serializing\Serialize\Prepare\EmptyChain" namespace="global">
        <metrics complexity="2" methods="1" coveredmethods="1" conditionals="0" coveredconditionals="0" statements="4" coveredstatements="4" elements="5" coveredelements="5"/>
      </class>
      <line num="13" type="method" name="resolve" visibility="public" complexity="2" crap="2" count="6"/>
      <line num="15" type="stmt" count="6"/>
      <line num="16" type="stmt" count="6"/>
      <line num="17" type="stmt" count="5"/>
      <line num="19" type="stmt" count="5"/>
      <metrics loc="22" ncloc="22" classes="1" methods="1" coveredmethods="1" conditionals="0" coveredconditionals="0" statements="4" coveredstatements="4" elements="5" coveredelements="5"/>
    </file>
    <file name="/opt/www/src/Infrastructure/Adapter/Serializing/Serialize/Resolve/Chain.php">
      <class name="Backbone\Infrastructure\Adapter\Serializing\Serialize\Resolve\Chain" namespace="global">
        <metrics complexity="4" methods="3" coveredmethods="3" conditionals="0" coveredconditionals="0" statements="4" coveredstatements="4" elements="7" coveredelements="7"/>
      </class>
      <line num="16" type="method" name="then" visibility="public" complexity="1" crap="1" count="6"/>
      <line num="18" type="stmt" count="6"/>
      <line num="19" type="stmt" count="6"/>
      <line num="22" type="method" name="previous" visibility="protected" complexity="1" crap="1" count="6"/>
      <line num="24" type="stmt" count="6"/>
      <line num="27" type="method" name="resolve" visibility="public" complexity="2" crap="2" count="5"/>
      <line num="29" type="stmt" count="5"/>
      <metrics loc="32" ncloc="32" classes="1" methods="3" coveredmethods="3" conditionals="0" coveredconditionals="0" statements="4" coveredstatements="4" elements="7" coveredelements="7"/>
    </file>
    <file name="/opt/www/src/Infrastructure/Adapter/Serializing/Serialize/Resolve/CheckInvalidChain.php">
      <class name="Backbone\Infrastructure\Adapter\Serializing\Serialize\Resolve\CheckInvalidChain" namespace="global">
        <metrics complexity="7" methods="2" coveredmethods="2" conditionals="0" coveredconditionals="0" statements="18" coveredstatements="18" elements="20" coveredelements="20"/>
      </class>
      <line num="17" type="method" name="resolve" visibility="public" complexity="4" crap="4" count="5"/>
      <line num="19" type="stmt" count="5"/>
      <line num="20" type="stmt" count="5"/>
      <line num="22" type="stmt" count="5"/>
      <line num="23" type="stmt" count="5"/>
      <line num="24" type="stmt" count="1"/>
      <line num="27" type="stmt" count="5"/>
      <line num="28" type="stmt" count="5"/>
      <line num="29" type="stmt" count="5"/>
      <line num="30" type="stmt" count="5"/>
      <line num="33" type="stmt" count="1"/>
      <line num="36" type="method" name="isValidType" visibility="private" complexity="3" crap="3" count="5"/>
      <line num="38" type="stmt" count="5"/>
      <line num="39" type="stmt" count="5"/>
      <line num="40" type="stmt" count="3"/>
      <line num="41" type="stmt" count="4"/>
      <line num="42" type="stmt" count="4"/>
      <line num="43" type="stmt" count="5"/>
      <line num="44" type="stmt" count="5"/>
      <line num="46" type="stmt" count="5"/>
      <metrics loc="49" ncloc="49" classes="1" methods="2" coveredmethods="2" conditionals="0" coveredconditionals="0" statements="18" coveredstatements="18" elements="20" coveredelements="20"/>
    </file>
    <file name="/opt/www/src/Infrastructure/Adapter/Serializing/Serialize/Resolve/CheckRequiredChain.php">
      <class name="Backbone\Infrastructure\Adapter\Serializing\Serialize\Resolve\CheckRequiredChain" namespace="global">
        <metrics complexity="6" methods="2" coveredmethods="2" conditionals="0" coveredconditionals="0" statements="9" coveredstatements="9" elements="11" coveredelements="11"/>
      </class>
      <line num="19" type="method" name="resolve" visibility="public" complexity="2" crap="2" count="6"/>
      <line num="21" type="stmt" count="6"/>
      <line num="22" type="stmt" count="6"/>
      <line num="23" type="stmt" count="5"/>
      <line num="25" type="stmt" count="5"/>
      <line num="31" type="method" name="makeValues" visibility="public" complexity="4" crap="4" count="5"/>
      <line num="33" type="stmt" count="5"/>
      <line num="34" type="stmt" count="5"/>
      <line num="36" type="stmt" count="5"/>
      <line num="37" type="stmt" count="5"/>
      <line num="39" type="stmt" count="2"/>
      <metrics loc="42" ncloc="36" classes="1" methods="2" coveredmethods="2" conditionals="0" coveredconditionals="0" statements="9" coveredstatements="9" elements="11" coveredelements="11"/>
    </file>
    <file name="/opt/www/src/Infrastructure/Adapter/Serializing/Serialize/Resolve/Consolidator.php">
      <class name="Backbone\Infrastructure\Adapter\Serializing\Serialize\Resolve\Consolidator" namespace="global">
        <metrics complexity="4" methods="3" coveredmethods="3" conditionals="0" coveredconditionals="0" statements="6" coveredstatements="6" elements="9" coveredelements="9"/>
      </class>
      <line num="22" type="method" name="consolidate" visibility="public" complexity="2" crap="2" count="6"/>
      <line num="24" type="stmt" count="6"/>
      <line num="25" type="stmt" count="2"/>
      <line num="26" type="stmt" count="2"/>
      <line num="28" type="stmt" count="6"/>
      <line num="34" type="method" name="args" visibility="public" complexity="1" crap="1" count="4"/>
      <line num="36" type="stmt" count="4"/>
      <line num="42" type="method" name="errors" visibility="public" complexity="1" crap="1" count="6"/>
      <line num="44" type="stmt" count="6"/>
      <metrics loc="47" ncloc="35" classes="1" methods="3" coveredmethods="3" conditionals="0" coveredconditionals="0" statements="6" coveredstatements="6" elements="9" coveredelements="9"/>
    </file>
    <file name="/opt/www/src/Infrastructure/Adapter/Serializing/Serializer.php">
      <class name="Backbone\Infrastructure\Adapter\Serializing\Serializer" namespace="global">
        <metrics complexity="2" methods="2" coveredmethods="2" conditionals="0" coveredconditionals="0" statements="2" coveredstatements="2" elements="4" coveredelements="4"/>
      </class>
      <line num="21" type="method" name="__construct" visibility="public" complexity="1" crap="1" count="1"/>
      <line num="26" type="stmt" count="1"/>
      <line num="33" type="method" name="serialize" visibility="public" complexity="1" crap="1" count="1"/>
      <line num="35" type="stmt" count="1"/>
      <metrics loc="38" ncloc="27" classes="1" methods="2" coveredmethods="2" conditionals="0" coveredconditionals="0" statements="2" coveredstatements="2" elements="4" coveredelements="4"/>
    </file>
    <file name="/opt/www/src/Infrastructure/Adapter/Serializing/SerializerFactory.php">
      <class name="Backbone\Infrastructure\Adapter\Serializing\SerializerFactory" namespace="global">
        <metrics complexity="2" methods="2" coveredmethods="0" conditionals="0" coveredconditionals="0" statements="2" coveredstatements="0" elements="4" coveredelements="0"/>
      </class>
      <line num="14" type="method" name="make" visibility="public" complexity="1" crap="2" count="0"/>
      <line num="16" type="stmt" count="0"/>
      <line num="19" type="method" name="converters" visibility="protected" complexity="1" crap="2" count="0"/>
      <line num="21" type="stmt" count="0"/>
      <metrics loc="24" ncloc="19" classes="1" methods="2" coveredmethods="0" conditionals="0" coveredconditionals="0" statements="2" coveredstatements="0" elements="4" coveredelements="0"/>
    </file>
    <file name="/opt/www/src/Infrastructure/CaseConvention.php">
      <metrics loc="13" ncloc="13" classes="0" methods="0" coveredmethods="0" conditionals="0" coveredconditionals="0" statements="0" coveredstatements="0" elements="0" coveredelements="0"/>
    </file>
    <file name="/opt/www/src/Infrastructure/Faker/Faker.php">
      <class name="Backbone\Infrastructure\Faker\Faker" namespace="global">
        <metrics complexity="9" methods="5" coveredmethods="0" conditionals="0" coveredconditionals="0" statements="35" coveredstatements="7" elements="40" coveredelements="7"/>
      </class>
      <line num="26" type="method" name="__construct" visibility="public" complexity="1" crap="1.01" count="93"/>
      <line num="30" type="stmt" count="93"/>
      <line num="31" type="stmt" count="93"/>
      <line num="32" type="stmt" count="93"/>
      <line num="35" type="stmt" count="93"/>
      <line num="39" type="stmt" count="1"/>
      <line num="44" type="stmt" count="0"/>
      <line num="49" type="stmt" count="0"/>
      <line num="51" type="stmt" count="93"/>
      <line num="52" type="stmt" count="93"/>
      <line num="55" type="method" name="fake" visibility="public" complexity="2" crap="6" count="0"/>
      <line num="57" type="stmt" count="0"/>
      <line num="58" type="stmt" count="0"/>
      <line num="59" type="stmt" count="0"/>
      <line num="60" type="stmt" count="0"/>
      <line num="61" type="stmt" count="0"/>
      <line num="64" type="stmt" count="0"/>
      <line num="67" type="method" name="parseValues" visibility="public" complexity="4" crap="20" count="0"/>
      <line num="69" type="stmt" count="0"/>
      <line num="70" type="stmt" count="0"/>
      <line num="71" type="stmt" count="0"/>
      <line num="72" type="stmt" count="0"/>
      <line num="73" type="stmt" count="0"/>
      <line num="74" type="stmt" count="0"/>
      <line num="75" type="stmt" count="0"/>
      <line num="77" type="stmt" count="0"/>
      <line num="78" type="stmt" count="0"/>
      <line num="81" type="stmt" count="0"/>
      <line num="83" type="stmt" count="0"/>
      <line num="86" type="method" name="normalize" visibility="private" complexity="1" crap="2" count="0"/>
      <line num="88" type="stmt" count="0"/>
      <line num="89" type="stmt" count="0"/>
      <line num="90" type="stmt" count="0"/>
      <line num="91" type="stmt" count="0"/>
      <line num="92" type="stmt" count="0"/>
      <line num="95" type="method" name="generateValue" visibility="private" complexity="1" crap="2" count="0"/>
      <line num="97" type="stmt" count="0"/>
      <line num="98" type="stmt" count="0"/>
      <line num="99" type="stmt" count="0"/>
      <line num="100" type="stmt" count="0"/>
      <metrics loc="103" ncloc="103" classes="1" methods="5" coveredmethods="0" conditionals="0" coveredconditionals="0" statements="35" coveredstatements="7" elements="40" coveredelements="7"/>
    </file>
    <file name="/opt/www/src/Infrastructure/Faker/Handler/Chain.php">
      <class name="Backbone\Infrastructure\Faker\Handler\Chain" namespace="global">
        <metrics complexity="5" methods="4" coveredmethods="0" conditionals="0" coveredconditionals="0" statements="7" coveredstatements="0" elements="11" coveredelements="0"/>
      </class>
      <line num="15" type="method" name="__construct" visibility="public" complexity="1" crap="2" count="0"/>
      <line num="17" type="stmt" count="0"/>
      <line num="19" type="method" name="then" visibility="public" complexity="1" crap="2" count="0"/>
      <line num="21" type="stmt" count="0"/>
      <line num="22" type="stmt" count="0"/>
      <line num="25" type="method" name="previous" visibility="private" complexity="1" crap="2" count="0"/>
      <line num="27" type="stmt" count="0"/>
      <line num="30" type="method" name="resolve" visibility="public" complexity="2" crap="6" count="0"/>
      <line num="32" type="stmt" count="0"/>
      <line num="33" type="stmt" count="0"/>
      <line num="35" type="stmt" count="0"/>
      <metrics loc="38" ncloc="38" classes="1" methods="4" coveredmethods="0" conditionals="0" coveredconditionals="0" statements="7" coveredstatements="0" elements="11" coveredelements="0"/>
    </file>
    <file name="/opt/www/src/Infrastructure/Faker/Handler/NamedChain.php">
      <class name="Backbone\Infrastructure\Faker\Handler\NamedChain" namespace="global">
        <metrics complexity="2" methods="1" coveredmethods="0" conditionals="0" coveredconditionals="0" statements="4" coveredstatements="0" elements="5" coveredelements="0"/>
      </class>
      <line num="13" type="method" name="resolve" visibility="public" complexity="2" crap="6" count="0"/>
      <line num="15" type="stmt" count="0"/>
      <line num="17" type="stmt" count="0"/>
      <line num="18" type="stmt" count="0"/>
      <line num="20" type="stmt" count="0"/>
      <metrics loc="23" ncloc="23" classes="1" methods="1" coveredmethods="0" conditionals="0" coveredconditionals="0" statements="4" coveredstatements="0" elements="5" coveredelements="0"/>
    </file>
    <file name="/opt/www/src/Infrastructure/Faker/Handler/OptionalChain.php">
      <class name="Backbone\Infrastructure\Faker\Handler\OptionalChain" namespace="global">
        <metrics complexity="4" methods="1" coveredmethods="0" conditionals="0" coveredconditionals="0" statements="5" coveredstatements="0" elements="6" coveredelements="0"/>
      </class>
      <line num="12" type="method" name="resolve" visibility="public" complexity="4" crap="20" count="0"/>
      <line num="14" type="stmt" count="0"/>
      <line num="15" type="stmt" count="0"/>
      <line num="17" type="stmt" count="0"/>
      <line num="18" type="stmt" count="0"/>
      <line num="20" type="stmt" count="0"/>
      <metrics loc="23" ncloc="23" classes="1" methods="1" coveredmethods="0" conditionals="0" coveredconditionals="0" statements="5" coveredstatements="0" elements="6" coveredelements="0"/>
    </file>
    <file name="/opt/www/src/Infrastructure/Faker/Handler/TypedChain.php">
      <class name="Backbone\Infrastructure\Faker\Handler\TypedChain" namespace="global">
        <metrics complexity="7" methods="2" coveredmethods="0" conditionals="0" coveredconditionals="0" statements="21" coveredstatements="0" elements="23" coveredelements="0"/>
      </class>
      <line num="17" type="method" name="resolve" visibility="public" complexity="3" crap="12" count="0"/>
      <line num="19" type="stmt" count="0"/>
      <line num="20" type="stmt" count="0"/>
      <line num="21" type="stmt" count="0"/>
      <line num="24" type="stmt" count="0"/>
      <line num="25" type="stmt" count="0"/>
      <line num="26" type="stmt" count="0"/>
      <line num="28" type="stmt" count="0"/>
      <line num="31" type="method" name="extractType" visibility="public" complexity="4" crap="20" count="0"/>
      <line num="33" type="stmt" count="0"/>
      <line num="34" type="stmt" count="0"/>
      <line num="36" type="stmt" count="0"/>
      <line num="37" type="stmt" count="0"/>
      <line num="39" type="stmt" count="0"/>
      <line num="40" type="stmt" count="0"/>
      <line num="42" type="stmt" count="0"/>
      <line num="43" type="stmt" count="0"/>
      <line num="44" type="stmt" count="0"/>
      <line num="45" type="stmt" count="0"/>
      <line num="46" type="stmt" count="0"/>
      <line num="47" type="stmt" count="0"/>
      <line num="48" type="stmt" count="0"/>
      <line num="50" type="stmt" count="0"/>
      <metrics loc="53" ncloc="52" classes="1" methods="2" coveredmethods="0" conditionals="0" coveredconditionals="0" statements="21" coveredstatements="0" elements="23" coveredelements="0"/>
    </file>
    <file name="/opt/www/src/Infrastructure/Http/Exception/Handler/AppExceptionHandler.php">
      <class name="Backbone\Infrastructure\Http\Exception\Handler\AppExceptionHandler" namespace="global">
        <metrics complexity="6" methods="4" coveredmethods="4" conditionals="0" coveredconditionals="0" statements="22" coveredstatements="22" elements="26" coveredelements="26"/>
      </class>
      <line num="30" type="method" name="__construct" visibility="public" complexity="1" crap="1" count="3"/>
      <line num="32" type="stmt" count="3"/>
      <line num="34" type="method" name="handle" visibility="public" complexity="1" crap="1" count="2"/>
      <line num="36" type="stmt" count="2"/>
      <line num="37" type="stmt" count="2"/>
      <line num="38" type="stmt" count="2"/>
      <line num="39" type="stmt" count="2"/>
      <line num="40" type="stmt" count="2"/>
      <line num="41" type="stmt" count="2"/>
      <line num="42" type="stmt" count="2"/>
      <line num="43" type="stmt" count="2"/>
      <line num="44" type="stmt" count="2"/>
      <line num="45" type="stmt" count="2"/>
      <line num="46" type="stmt" count="2"/>
      <line num="47" type="stmt" count="2"/>
      <line num="48" type="stmt" count="2"/>
      <line num="49" type="stmt" count="2"/>
      <line num="51" type="stmt" count="2"/>
      <line num="53" type="stmt" count="2"/>
      <line num="55" type="stmt" count="2"/>
      <line num="56" type="stmt" count="2"/>
      <line num="59" type="method" name="extractCode" visibility="private" complexity="3" crap="3" count="2"/>
      <line num="61" type="stmt" count="2"/>
      <line num="64" type="method" name="isValid" visibility="public" complexity="1" crap="1" count="1"/>
      <line num="66" type="stmt" count="1"/>
      <line num="67" type="stmt" count="1"/>
      <metrics loc="70" ncloc="67" classes="1" methods="4" coveredmethods="4" conditionals="0" coveredconditionals="0" statements="22" coveredstatements="22" elements="26" coveredelements="26"/>
    </file>
    <file name="/opt/www/src/Infrastructure/Http/Exception/Handler/ValidationExceptionHandler.php">
      <class name="Backbone\Infrastructure\Http\Exception\Handler\ValidationExceptionHandler" namespace="global">
        <metrics complexity="5" methods="3" coveredmethods="3" conditionals="0" coveredconditionals="0" statements="11" coveredstatements="11" elements="14" coveredelements="14"/>
      </class>
      <line num="21" type="method" name="handle" visibility="public" complexity="2" crap="2" count="2"/>
      <line num="23" type="stmt" count="2"/>
      <line num="25" type="stmt" count="2"/>
      <line num="26" type="stmt" count="2"/>
      <line num="27" type="stmt" count="2"/>
      <line num="29" type="stmt" count="2"/>
      <line num="30" type="stmt" count="2"/>
      <line num="31" type="stmt" count="2"/>
      <line num="34" type="method" name="toJson" visibility="private" complexity="2" crap="2" count="2"/>
      <line num="37" type="stmt" count="2"/>
      <line num="38" type="stmt" count="1"/>
      <line num="39" type="stmt" count="1"/>
      <line num="43" type="method" name="isValid" visibility="public" complexity="1" crap="1" count="2"/>
      <line num="45" type="stmt" count="2"/>
      <metrics loc="48" ncloc="47" classes="1" methods="3" coveredmethods="3" conditionals="0" coveredconditionals="0" statements="11" coveredstatements="11" elements="14" coveredelements="14"/>
    </file>
    <file name="/opt/www/src/Infrastructure/Http/Middleware/AppMiddleware.php">
      <class name="Backbone\Infrastructure\Http\Middleware\AppMiddleware" namespace="global">
        <metrics complexity="9" methods="4" coveredmethods="4" conditionals="0" coveredconditionals="0" statements="24" coveredstatements="24" elements="28" coveredelements="28"/>
      </class>
      <line num="33" type="method" name="__construct" visibility="public" complexity="1" crap="1" count="3"/>
      <line num="35" type="stmt" count="3"/>
      <line num="37" type="stmt" count="3"/>
      <line num="40" type="method" name="handleFound" visibility="protected" complexity="3" crap="3" count="3"/>
      <line num="42" type="stmt" count="3"/>
      <line num="43" type="stmt" count="3"/>
      <line num="44" type="stmt" count="1"/>
      <line num="47" type="stmt" count="2"/>
      <line num="49" type="stmt" count="2"/>
      <line num="50" type="stmt" count="2"/>
      <line num="51" type="stmt" count="2"/>
      <line num="53" type="stmt" count="2"/>
      <line num="55" type="stmt" count="2"/>
      <line num="56" type="stmt" count="1"/>
      <line num="59" type="stmt" count="1"/>
      <line num="60" type="stmt" count="1"/>
      <line num="61" type="stmt" count="1"/>
      <line num="64" type="method" name="normalizeStatusCode" visibility="private" complexity="2" crap="2" count="2"/>
      <line num="66" type="stmt" count="2"/>
      <line num="67" type="stmt" count="2"/>
      <line num="68" type="stmt" count="1"/>
      <line num="70" type="stmt" count="1"/>
      <line num="73" type="method" name="configureHeaders" visibility="private" complexity="3" crap="3" count="2"/>
      <line num="75" type="stmt" count="2"/>
      <line num="76" type="stmt" count="2"/>
      <line num="77" type="stmt" count="1"/>
      <line num="80" type="stmt" count="1"/>
      <line num="82" type="stmt" count="2"/>
      <metrics loc="85" ncloc="81" classes="1" methods="4" coveredmethods="4" conditionals="0" coveredconditionals="0" statements="24" coveredstatements="24" elements="28" coveredelements="28"/>
    </file>
    <file name="/opt/www/src/Infrastructure/Http/Middleware/CorsMiddleware.php">
      <class name="Backbone\Infrastructure\Http\Middleware\CorsMiddleware" namespace="global">
        <metrics complexity="3" methods="2" coveredmethods="2" conditionals="0" coveredconditionals="0" statements="14" coveredstatements="14" elements="16" coveredelements="16"/>
      </class>
      <line num="19" type="method" name="__construct" visibility="public" complexity="1" crap="1" count="2"/>
      <line num="21" type="stmt" count="2"/>
      <line num="26" type="method" name="process" visibility="public" complexity="2" crap="2" count="2"/>
      <line num="28" type="stmt" count="2"/>
      <line num="34" type="stmt" count="2"/>
      <line num="35" type="stmt" count="2"/>
      <line num="36" type="stmt" count="2"/>
      <line num="37" type="stmt" count="2"/>
      <line num="38" type="stmt" count="2"/>
      <line num="39" type="stmt" count="2"/>
      <line num="40" type="stmt" count="2"/>
      <line num="41" type="stmt" count="2"/>
      <line num="43" type="stmt" count="2"/>
      <line num="45" type="stmt" count="2"/>
      <line num="46" type="stmt" count="1"/>
      <line num="49" type="stmt" count="1"/>
      <metrics loc="52" ncloc="49" classes="1" methods="2" coveredmethods="2" conditionals="0" coveredconditionals="0" statements="14" coveredstatements="14" elements="16" coveredelements="16"/>
    </file>
    <file name="/opt/www/src/Infrastructure/Listener/ResumeExitCoordinatorListener.php">
      <class name="Backbone\Infrastructure\Listener\ResumeExitCoordinatorListener" namespace="global">
        <metrics complexity="2" methods="2" coveredmethods="2" conditionals="0" coveredconditionals="0" statements="4" coveredstatements="4" elements="6" coveredelements="6"/>
      </class>
      <line num="16" type="method" name="listen" visibility="public" complexity="1" crap="1" count="1"/>
      <line num="18" type="stmt" count="1"/>
      <line num="19" type="stmt" count="1"/>
      <line num="20" type="stmt" count="1"/>
      <line num="23" type="method" name="process" visibility="public" complexity="1" crap="1" count="1"/>
      <line num="25" type="stmt" count="1"/>
      <metrics loc="28" ncloc="28" classes="1" methods="2" coveredmethods="2" conditionals="0" coveredconditionals="0" statements="4" coveredstatements="4" elements="6" coveredelements="6"/>
    </file>
    <file name="/opt/www/src/Infrastructure/Logging/EnvironmentLoggerFactory.php">
      <class name="Backbone\Infrastructure\Logging\EnvironmentLoggerFactory" namespace="global">
        <metrics complexity="5" methods="2" coveredmethods="2" conditionals="0" coveredconditionals="0" statements="16" coveredstatements="16" elements="18" coveredelements="18"/>
      </class>
      <line num="17" type="method" name="__construct" visibility="public" complexity="1" crap="1" count="3"/>
      <line num="21" type="stmt" count="3"/>
      <line num="23" type="method" name="make" visibility="public" complexity="4" crap="4" count="3"/>
      <line num="25" type="stmt" count="3"/>
      <line num="26" type="stmt" count="1"/>
      <line num="29" type="stmt" count="2"/>
      <line num="30" type="stmt" count="2"/>
      <line num="31" type="stmt" count="2"/>
      <line num="32" type="stmt" count="2"/>
      <line num="33" type="stmt" count="2"/>
      <line num="34" type="stmt" count="1"/>
      <line num="35" type="stmt" count="1"/>
      <line num="36" type="stmt" count="1"/>
      <line num="37" type="stmt" count="1"/>
      <line num="38" type="stmt" count="1"/>
      <line num="39" type="stmt" count="1"/>
      <line num="40" type="stmt" count="1"/>
      <line num="42" type="stmt" count="2"/>
      <metrics loc="45" ncloc="45" classes="1" methods="2" coveredmethods="2" conditionals="0" coveredconditionals="0" statements="16" coveredstatements="16" elements="18" coveredelements="18"/>
    </file>
    <file name="/opt/www/src/Infrastructure/Persistence/Converter/FromArrayToDatabase.php">
      <class name="Backbone\Infrastructure\Persistence\Converter\FromArrayToDatabase" namespace="global">
        <metrics complexity="3" methods="1" coveredmethods="1" conditionals="0" coveredconditionals="0" statements="5" coveredstatements="5" elements="6" coveredelements="6"/>
      </class>
      <line num="15" type="method" name="convert" visibility="public" complexity="3" crap="3" count="3"/>
      <line num="17" type="stmt" count="3"/>
      <line num="18" type="stmt" count="1"/>
      <line num="20" type="stmt" count="2"/>
      <line num="21" type="stmt" count="1"/>
      <line num="23" type="stmt" count="1"/>
      <metrics loc="26" ncloc="26" classes="1" methods="1" coveredmethods="1" conditionals="0" coveredconditionals="0" statements="5" coveredstatements="5" elements="6" coveredelements="6"/>
    </file>
    <file name="/opt/www/src/Infrastructure/Persistence/Converter/FromDatabaseToArray.php">
      <class name="Backbone\Infrastructure\Persistence\Converter\FromDatabaseToArray" namespace="global">
        <metrics complexity="3" methods="1" coveredmethods="1" conditionals="0" coveredconditionals="0" statements="5" coveredstatements="5" elements="6" coveredelements="6"/>
      </class>
      <line num="15" type="method" name="convert" visibility="public" complexity="3" crap="3" count="4"/>
      <line num="17" type="stmt" count="4"/>
      <line num="18" type="stmt" count="1"/>
      <line num="20" type="stmt" count="3"/>
      <line num="21" type="stmt" count="1"/>
      <line num="23" type="stmt" count="2"/>
      <metrics loc="26" ncloc="26" classes="1" methods="1" coveredmethods="1" conditionals="0" coveredconditionals="0" statements="5" coveredstatements="5" elements="6" coveredelements="6"/>
    </file>
    <file name="/opt/www/src/Infrastructure/Persistence/Converter/FromDatetimeToDatabase.php">
      <class name="Backbone\Infrastructure\Persistence\Converter\FromDatetimeToDatabase" namespace="global">
        <metrics complexity="3" methods="1" coveredmethods="1" conditionals="0" coveredconditionals="0" statements="5" coveredstatements="5" elements="6" coveredelements="6"/>
      </class>
      <line num="14" type="method" name="convert" visibility="public" complexity="3" crap="3" count="3"/>
      <line num="16" type="stmt" count="3"/>
      <line num="17" type="stmt" count="1"/>
      <line num="19" type="stmt" count="2"/>
      <line num="20" type="stmt" count="1"/>
      <line num="22" type="stmt" count="1"/>
      <metrics loc="25" ncloc="25" classes="1" methods="1" coveredmethods="1" conditionals="0" coveredconditionals="0" statements="5" coveredstatements="5" elements="6" coveredelements="6"/>
    </file>
    <file name="/opt/www/src/Infrastructure/Persistence/Factory/HyperfDBFactory.php">
      <class name="Backbone\Infrastructure\Persistence\Factory\HyperfDBFactory" namespace="global">
        <metrics complexity="2" methods="2" coveredmethods="0" conditionals="0" coveredconditionals="0" statements="2" coveredstatements="0" elements="4" coveredelements="0"/>
      </class>
      <line num="11" type="method" name="__construct" visibility="public" complexity="1" crap="2" count="0"/>
      <line num="13" type="stmt" count="0"/>
      <line num="15" type="method" name="make" visibility="public" complexity="1" crap="2" count="0"/>
      <line num="17" type="stmt" count="0"/>
      <metrics loc="20" ncloc="20" classes="1" methods="2" coveredmethods="0" conditionals="0" coveredconditionals="0" statements="2" coveredstatements="0" elements="4" coveredelements="0"/>
    </file>
    <file name="/opt/www/src/Infrastructure/Persistence/Factory/SleekDBDatabaseFactory.php">
      <class name="Backbone\Infrastructure\Persistence\Factory\SleekDBDatabaseFactory" namespace="global">
        <metrics complexity="2" methods="2" coveredmethods="0" conditionals="0" coveredconditionals="0" statements="4" coveredstatements="0" elements="6" coveredelements="0"/>
      </class>
      <line num="18" type="method" name="__construct" visibility="public" complexity="1" crap="2" count="0"/>
      <line num="20" type="stmt" count="0"/>
      <line num="27" type="method" name="make" visibility="public" complexity="1" crap="2" count="0"/>
      <line num="29" type="stmt" count="0"/>
      <line num="30" type="stmt" count="0"/>
      <line num="31" type="stmt" count="0"/>
      <metrics loc="34" ncloc="29" classes="1" methods="2" coveredmethods="0" conditionals="0" coveredconditionals="0" statements="4" coveredstatements="0" elements="6" coveredelements="0"/>
    </file>
    <file name="/opt/www/src/Infrastructure/Persistence/Generator.php">
      <class name="Backbone\Infrastructure\Persistence\Generator" namespace="global">
        <metrics complexity="4" methods="3" coveredmethods="3" conditionals="0" coveredconditionals="0" statements="5" coveredstatements="5" elements="8" coveredelements="8"/>
      </class>
      <line num="15" type="method" name="__construct" visibility="public" complexity="1" crap="1" count="4"/>
      <line num="17" type="stmt" count="4"/>
      <line num="22" type="method" name="id" visibility="public" complexity="2" crap="2" count="3"/>
      <line num="25" type="stmt" count="3"/>
      <line num="26" type="stmt" count="1"/>
      <line num="27" type="stmt" count="1"/>
      <line num="31" type="method" name="now" visibility="public" complexity="1" crap="1" count="1"/>
      <line num="33" type="stmt" count="1"/>
      <metrics loc="36" ncloc="33" classes="1" methods="3" coveredmethods="3" conditionals="0" coveredconditionals="0" statements="5" coveredstatements="5" elements="8" coveredelements="8"/>
    </file>
    <file name="/opt/www/src/Infrastructure/Persistence/PostgresRepository.php">
      <class name="Backbone\Infrastructure\Persistence\PostgresRepository" namespace="global">
        <metrics complexity="1" methods="1" coveredmethods="0" conditionals="0" coveredconditionals="0" statements="1" coveredstatements="0" elements="2" coveredelements="0"/>
      </class>
      <line num="16" type="method" name="__construct" visibility="public" complexity="1" crap="2" count="0"/>
      <line num="22" type="stmt" count="0"/>
      <metrics loc="25" ncloc="25" classes="1" methods="1" coveredmethods="0" conditionals="0" coveredconditionals="0" statements="1" coveredstatements="0" elements="2" coveredelements="0"/>
    </file>
    <file name="/opt/www/src/Infrastructure/Persistence/Serializing/RelationalDeserializerFactory.php">
      <class name="Backbone\Infrastructure\Persistence\Serializing\RelationalDeserializerFactory" namespace="global">
        <metrics complexity="1" methods="1" coveredmethods="0" conditionals="0" coveredconditionals="0" statements="5" coveredstatements="0" elements="6" coveredelements="0"/>
      </class>
      <line num="15" type="method" name="converters" visibility="protected" complexity="1" crap="2" count="0"/>
      <line num="17" type="stmt" count="0"/>
      <line num="18" type="stmt" count="0"/>
      <line num="19" type="stmt" count="0"/>
      <line num="20" type="stmt" count="0"/>
      <line num="21" type="stmt" count="0"/>
      <metrics loc="24" ncloc="24" classes="1" methods="1" coveredmethods="0" conditionals="0" coveredconditionals="0" statements="5" coveredstatements="0" elements="6" coveredelements="0"/>
    </file>
    <file name="/opt/www/src/Infrastructure/Persistence/Serializing/RelationalSerializerFactory.php">
      <class name="Backbone\Infrastructure\Persistence\Serializing\RelationalSerializerFactory" namespace="global">
        <metrics complexity="1" methods="1" coveredmethods="0" conditionals="0" coveredconditionals="0" statements="1" coveredstatements="0" elements="2" coveredelements="0"/>
      </class>
      <line num="12" type="method" name="converters" visibility="protected" complexity="1" crap="2" count="0"/>
      <line num="14" type="stmt" count="0"/>
      <metrics loc="17" ncloc="17" classes="1" methods="1" coveredmethods="0" conditionals="0" coveredconditionals="0" statements="1" coveredstatements="0" elements="2" coveredelements="0"/>
    </file>
    <file name="/opt/www/src/Infrastructure/Persistence/SleekDBRepository.php">
      <class name="Backbone\Infrastructure\Persistence\SleekDBRepository" namespace="global">
        <metrics complexity="1" methods="2" coveredmethods="0" conditionals="0" coveredconditionals="0" statements="2" coveredstatements="0" elements="4" coveredelements="0"/>
      </class>
      <line num="22" type="method" name="__construct" visibility="public" complexity="1" crap="2" count="0"/>
      <line num="26" type="stmt" count="0"/>
      <line num="29" type="method" name="resource" visibility="protected" complexity="0" crap="0" count="0"/>
      <metrics loc="31" ncloc="26" classes="1" methods="2" coveredmethods="0" conditionals="0" coveredconditionals="0" statements="2" coveredstatements="0" elements="4" coveredelements="0"/>
    </file>
    <file name="/opt/www/src/Infrastructure/Persistence/Testing/Helper.php">
      <metrics loc="21" ncloc="21" classes="0" methods="0" coveredmethods="0" conditionals="0" coveredconditionals="0" statements="0" coveredstatements="0" elements="0" coveredelements="0"/>
    </file>
    <file name="/opt/www/src/Infrastructure/Persistence/Testing/MySQLHelper.php">
      <class name="Backbone\Infrastructure\Persistence\Testing\MySQLHelper" namespace="global">
        <metrics complexity="7" methods="7" coveredmethods="0" conditionals="0" coveredconditionals="0" statements="7" coveredstatements="0" elements="14" coveredelements="0"/>
      </class>
      <line num="13" type="method" name="__construct" visibility="public" complexity="1" crap="2" count="0"/>
      <line num="17" type="stmt" count="0"/>
      <line num="19" type="method" name="truncate" visibility="public" complexity="1" crap="2" count="0"/>
      <line num="22" type="stmt" count="0"/>
      <line num="24" type="method" name="seed" visibility="public" complexity="1" crap="2" count="0"/>
      <line num="27" type="stmt" count="0"/>
      <line num="29" type="method" name="assertHas" visibility="public" complexity="1" crap="2" count="0"/>
      <line num="32" type="stmt" count="0"/>
      <line num="34" type="method" name="assertHasNot" visibility="public" complexity="1" crap="2" count="0"/>
      <line num="37" type="stmt" count="0"/>
      <line num="39" type="method" name="assertHasCount" visibility="public" complexity="1" crap="2" count="0"/>
      <line num="42" type="stmt" count="0"/>
      <line num="44" type="method" name="assertIsEmpty" visibility="public" complexity="1" crap="2" count="0"/>
      <line num="47" type="stmt" count="0"/>
      <metrics loc="49" ncloc="43" classes="1" methods="7" coveredmethods="0" conditionals="0" coveredconditionals="0" statements="7" coveredstatements="0" elements="14" coveredelements="0"/>
    </file>
    <file name="/opt/www/src/Infrastructure/Persistence/Testing/PostgresHelper.php">
      <class name="Backbone\Infrastructure\Persistence\Testing\PostgresHelper" namespace="global">
        <metrics complexity="10" methods="9" coveredmethods="0" conditionals="0" coveredconditionals="0" statements="57" coveredstatements="0" elements="66" coveredelements="0"/>
      </class>
      <line num="23" type="method" name="__construct" visibility="public" complexity="1" crap="2" count="0"/>
      <line num="27" type="stmt" count="0"/>
      <line num="28" type="stmt" count="0"/>
      <line num="31" type="method" name="truncate" visibility="public" complexity="1" crap="2" count="0"/>
      <line num="33" type="stmt" count="0"/>
      <line num="36" type="method" name="seed" visibility="public" complexity="1" crap="2" count="0"/>
      <line num="38" type="stmt" count="0"/>
      <line num="39" type="stmt" count="0"/>
      <line num="40" type="stmt" count="0"/>
      <line num="41" type="stmt" count="0"/>
      <line num="42" type="stmt" count="0"/>
      <line num="43" type="stmt" count="0"/>
      <line num="44" type="stmt" count="0"/>
      <line num="45" type="stmt" count="0"/>
      <line num="46" type="stmt" count="0"/>
      <line num="47" type="stmt" count="0"/>
      <line num="49" type="stmt" count="0"/>
      <line num="50" type="stmt" count="0"/>
      <line num="52" type="stmt" count="0"/>
      <line num="53" type="stmt" count="0"/>
      <line num="56" type="method" name="assertHas" visibility="public" complexity="1" crap="2" count="0"/>
      <line num="58" type="stmt" count="0"/>
      <line num="59" type="stmt" count="0"/>
      <line num="60" type="stmt" count="0"/>
      <line num="61" type="stmt" count="0"/>
      <line num="62" type="stmt" count="0"/>
      <line num="63" type="stmt" count="0"/>
      <line num="64" type="stmt" count="0"/>
      <line num="67" type="method" name="count" visibility="protected" complexity="2" crap="6" count="0"/>
      <line num="69" type="stmt" count="0"/>
      <line num="70" type="stmt" count="0"/>
      <line num="71" type="stmt" count="0"/>
      <line num="73" type="stmt" count="0"/>
      <line num="74" type="stmt" count="0"/>
      <line num="75" type="stmt" count="0"/>
      <line num="76" type="stmt" count="0"/>
      <line num="77" type="stmt" count="0"/>
      <line num="78" type="stmt" count="0"/>
      <line num="79" type="stmt" count="0"/>
      <line num="80" type="stmt" count="0"/>
      <line num="81" type="stmt" count="0"/>
      <line num="82" type="stmt" count="0"/>
      <line num="83" type="stmt" count="0"/>
      <line num="84" type="stmt" count="0"/>
      <line num="87" type="method" name="json" visibility="protected" complexity="1" crap="2" count="0"/>
      <line num="89" type="stmt" count="0"/>
      <line num="92" type="method" name="assertHasNot" visibility="public" complexity="1" crap="2" count="0"/>
      <line num="94" type="stmt" count="0"/>
      <line num="95" type="stmt" count="0"/>
      <line num="96" type="stmt" count="0"/>
      <line num="97" type="stmt" count="0"/>
      <line num="98" type="stmt" count="0"/>
      <line num="99" type="stmt" count="0"/>
      <line num="100" type="stmt" count="0"/>
      <line num="103" type="method" name="assertHasCount" visibility="public" complexity="1" crap="2" count="0"/>
      <line num="105" type="stmt" count="0"/>
      <line num="106" type="stmt" count="0"/>
      <line num="107" type="stmt" count="0"/>
      <line num="108" type="stmt" count="0"/>
      <line num="109" type="stmt" count="0"/>
      <line num="110" type="stmt" count="0"/>
      <line num="111" type="stmt" count="0"/>
      <line num="112" type="stmt" count="0"/>
      <line num="113" type="stmt" count="0"/>
      <line num="116" type="method" name="assertIsEmpty" visibility="public" complexity="1" crap="2" count="0"/>
      <line num="119" type="stmt" count="0"/>
      <metrics loc="121" ncloc="120" classes="1" methods="9" coveredmethods="0" conditionals="0" coveredconditionals="0" statements="57" coveredstatements="0" elements="66" coveredelements="0"/>
    </file>
    <file name="/opt/www/src/Infrastructure/Persistence/Testing/SleekDBHelper.php">
      <class name="Backbone\Infrastructure\Persistence\Testing\SleekDBHelper" namespace="global">
        <metrics complexity="10" methods="9" coveredmethods="0" conditionals="0" coveredconditionals="0" statements="29" coveredstatements="0" elements="38" coveredelements="0"/>
      </class>
      <line num="20" type="method" name="__construct" visibility="public" complexity="1" crap="2" count="0"/>
      <line num="24" type="stmt" count="0"/>
      <line num="25" type="stmt" count="0"/>
      <line num="28" type="method" name="truncate" visibility="public" complexity="1" crap="2" count="0"/>
      <line num="30" type="stmt" count="0"/>
      <line num="31" type="stmt" count="0"/>
      <line num="34" type="method" name="seed" visibility="public" complexity="1" crap="2" count="0"/>
      <line num="36" type="stmt" count="0"/>
      <line num="38" type="stmt" count="0"/>
      <line num="39" type="stmt" count="0"/>
      <line num="40" type="stmt" count="0"/>
      <line num="41" type="stmt" count="0"/>
      <line num="42" type="stmt" count="0"/>
      <line num="43" type="stmt" count="0"/>
      <line num="45" type="stmt" count="0"/>
      <line num="46" type="stmt" count="0"/>
      <line num="49" type="method" name="assertHas" visibility="public" complexity="1" crap="2" count="0"/>
      <line num="51" type="stmt" count="0"/>
      <line num="52" type="stmt" count="0"/>
      <line num="53" type="stmt" count="0"/>
      <line num="54" type="stmt" count="0"/>
      <line num="55" type="stmt" count="0"/>
      <line num="56" type="stmt" count="0"/>
      <line num="57" type="stmt" count="0"/>
      <line num="58" type="stmt" count="0"/>
      <line num="61" type="method" name="count" visibility="private" complexity="1" crap="2" count="0"/>
      <line num="63" type="stmt" count="0"/>
      <line num="64" type="stmt" count="0"/>
      <line num="67" type="method" name="json" visibility="private" complexity="2" crap="6" count="0"/>
      <line num="70" type="stmt" count="0"/>
      <line num="71" type="stmt" count="0"/>
      <line num="72" type="stmt" count="0"/>
      <line num="76" type="method" name="assertHasNot" visibility="public" complexity="1" crap="2" count="0"/>
      <line num="79" type="stmt" count="0"/>
      <line num="81" type="method" name="assertHasCount" visibility="public" complexity="1" crap="2" count="0"/>
      <line num="84" type="stmt" count="0"/>
      <line num="86" type="method" name="assertIsEmpty" visibility="public" complexity="1" crap="2" count="0"/>
      <line num="89" type="stmt" count="0"/>
      <metrics loc="91" ncloc="88" classes="1" methods="9" coveredmethods="0" conditionals="0" coveredconditionals="0" statements="29" coveredstatements="0" elements="38" coveredelements="0"/>
    </file>
    <file name="/opt/www/src/Infrastructure/Testing/IntegrationTestCase.php">
      <class name="Backbone\Infrastructure\Testing\IntegrationTestCase" namespace="global">
        <metrics complexity="4" methods="3" coveredmethods="0" conditionals="0" coveredconditionals="0" statements="13" coveredstatements="0" elements="16" coveredelements="0"/>
      </class>
      <line num="24" type="method" name="setUp" visibility="protected" complexity="1" crap="2" count="0"/>
      <line num="26" type="stmt" count="0"/>
      <line num="28" type="stmt" count="0"/>
      <line num="30" type="stmt" count="0"/>
      <line num="32" type="stmt" count="0"/>
      <line num="34" type="stmt" count="0"/>
      <line num="37" type="method" name="truncate" visibility="protected" complexity="2" crap="6" count="0"/>
      <line num="39" type="stmt" count="0"/>
      <line num="40" type="stmt" count="0"/>
      <line num="41" type="stmt" count="0"/>
      <line num="42" type="stmt" count="0"/>
      <line num="43" type="stmt" count="0"/>
      <line num="44" type="stmt" count="0"/>
      <line num="48" type="method" name="tearDown" visibility="protected" complexity="1" crap="2" count="0"/>
      <line num="50" type="stmt" count="0"/>
      <line num="52" type="stmt" count="0"/>
      <metrics loc="55" ncloc="55" classes="1" methods="3" coveredmethods="0" conditionals="0" coveredconditionals="0" statements="13" coveredstatements="0" elements="16" coveredelements="0"/>
    </file>
    <file name="/opt/www/src/Infrastructure/Testing/TestCase.php">
      <class name="Backbone\Infrastructure\Testing\TestCase" namespace="global">
        <metrics complexity="6" methods="6" coveredmethods="5" conditionals="0" coveredconditionals="0" statements="20" coveredstatements="19" elements="26" coveredelements="24"/>
      </class>
      <line num="23" type="method" name="setUp" visibility="protected" complexity="1" crap="1" count="93"/>
      <line num="25" type="stmt" count="93"/>
      <line num="27" type="stmt" count="93"/>
      <line num="37" type="method" name="make" visibility="protected" complexity="1" crap="1" count="93"/>
      <line num="39" type="stmt" count="93"/>
      <line num="42" type="method" name="tearDown" visibility="protected" complexity="1" crap="1" count="93"/>
      <line num="44" type="stmt" count="93"/>
      <line num="45" type="stmt" count="93"/>
      <line num="46" type="stmt" count="93"/>
      <line num="47" type="stmt" count="93"/>
      <line num="50" type="method" name="assertEnumValue" visibility="protected" complexity="1" crap="2" count="0"/>
      <line num="52" type="stmt" count="0"/>
      <line num="63" type="method" name="input" visibility="protected" complexity="1" crap="1" count="2"/>
      <line num="65" type="stmt" count="2"/>
      <line num="66" type="stmt" count="2"/>
      <line num="69" type="method" name="configureRequestContext" visibility="protected" complexity="1" crap="1" count="2"/>
      <line num="71" type="stmt" count="2"/>
      <line num="72" type="stmt" count="2"/>
      <line num="73" type="stmt" count="2"/>
      <line num="74" type="stmt" count="2"/>
      <line num="75" type="stmt" count="2"/>
      <line num="76" type="stmt" count="2"/>
      <line num="77" type="stmt" count="2"/>
      <line num="78" type="stmt" count="2"/>
      <line num="79" type="stmt" count="2"/>
      <line num="80" type="stmt" count="2"/>
      <metrics loc="83" ncloc="68" classes="1" methods="6" coveredmethods="5" conditionals="0" coveredconditionals="0" statements="20" coveredstatements="19" elements="26" coveredelements="24"/>
    </file>
    <file name="/opt/www/src/Presentation/Output/Accepted.php">
      <class name="Backbone\Presentation\Output\Accepted" namespace="global">
        <metrics complexity="1" methods="1" coveredmethods="1" conditionals="0" coveredconditionals="0" statements="1" coveredstatements="1" elements="2" coveredelements="2"/>
      </class>
      <line num="9" type="method" name="__construct" visibility="public" complexity="1" crap="1" count="1"/>
      <line num="11" type="stmt" count="1"/>
      <metrics loc="14" ncloc="14" classes="1" methods="1" coveredmethods="1" conditionals="0" coveredconditionals="0" statements="1" coveredstatements="1" elements="2" coveredelements="2"/>
    </file>
    <file name="/opt/www/src/Presentation/Output/Created.php">
      <class name="Backbone\Presentation\Output\Created" namespace="global">
        <metrics complexity="1" methods="1" coveredmethods="1" conditionals="0" coveredconditionals="0" statements="1" coveredstatements="1" elements="2" coveredelements="2"/>
      </class>
      <line num="9" type="method" name="__construct" visibility="public" complexity="1" crap="1" count="1"/>
      <line num="11" type="stmt" count="1"/>
      <metrics loc="14" ncloc="14" classes="1" methods="1" coveredmethods="1" conditionals="0" coveredconditionals="0" statements="1" coveredstatements="1" elements="2" coveredelements="2"/>
    </file>
    <file name="/opt/www/src/Presentation/Output/NoContent.php">
      <class name="Backbone\Presentation\Output\NoContent" namespace="global">
        <metrics complexity="1" methods="1" coveredmethods="1" conditionals="0" coveredconditionals="0" statements="1" coveredstatements="1" elements="2" coveredelements="2"/>
      </class>
      <line num="9" type="method" name="__construct" visibility="public" complexity="1" crap="1" count="2"/>
      <line num="11" type="stmt" count="2"/>
      <metrics loc="14" ncloc="14" classes="1" methods="1" coveredmethods="1" conditionals="0" coveredconditionals="0" statements="1" coveredstatements="1" elements="2" coveredelements="2"/>
    </file>
    <file name="/opt/www/src/Presentation/Output/NotFound.php">
      <class name="Backbone\Presentation\Output\NotFound" namespace="global">
        <metrics complexity="1" methods="1" coveredmethods="1" conditionals="0" coveredconditionals="0" statements="4" coveredstatements="4" elements="5" coveredelements="5"/>
      </class>
      <line num="11" type="method" name="__construct" visibility="public" complexity="1" crap="1" count="1"/>
      <line num="13" type="stmt" count="1"/>
      <line num="14" type="stmt" count="1"/>
      <line num="15" type="stmt" count="1"/>
      <line num="16" type="stmt" count="1"/>
      <metrics loc="19" ncloc="19" classes="1" methods="1" coveredmethods="1" conditionals="0" coveredconditionals="0" statements="4" coveredstatements="4" elements="5" coveredelements="5"/>
    </file>
    <file name="/opt/www/src/Presentation/Output/Output.php">
      <class name="Backbone\Presentation\Output\Output" namespace="global">
        <metrics complexity="4" methods="3" coveredmethods="3" conditionals="0" coveredconditionals="0" statements="4" coveredstatements="4" elements="7" coveredelements="7"/>
      </class>
      <line num="16" type="method" name="__construct" visibility="public" complexity="2" crap="2" count="6"/>
      <line num="20" type="stmt" count="6"/>
      <line num="21" type="stmt" count="6"/>
      <line num="24" type="method" name="properties" visibility="public" complexity="1" crap="1" count="4"/>
      <line num="26" type="stmt" count="4"/>
      <line num="29" type="method" name="content" visibility="public" complexity="1" crap="1" count="5"/>
      <line num="31" type="stmt" count="5"/>
      <metrics loc="34" ncloc="34" classes="1" methods="3" coveredmethods="3" conditionals="0" coveredconditionals="0" statements="4" coveredstatements="4" elements="7" coveredelements="7"/>
    </file>
    <file name="/opt/www/src/Presentation/OutputFormatter.php">
      <class name="Backbone\Presentation\OutputFormatter" namespace="global">
        <metrics complexity="9" methods="4" coveredmethods="4" conditionals="0" coveredconditionals="0" statements="21" coveredstatements="21" elements="25" coveredelements="25"/>
      </class>
      <line num="14" type="method" name="toPayload" visibility="public" complexity="2" crap="2" count="7"/>
      <line num="16" type="stmt" count="7"/>
      <line num="18" type="stmt" count="7"/>
      <line num="19" type="stmt" count="1"/>
      <line num="20" type="stmt" count="1"/>
      <line num="24" type="method" name="parse" visibility="private" complexity="3" crap="3" count="7"/>
      <line num="26" type="stmt" count="7"/>
      <line num="27" type="stmt" count="3"/>
      <line num="28" type="stmt" count="3"/>
      <line num="29" type="stmt" count="3"/>
      <line num="30" type="stmt" count="3"/>
      <line num="32" type="stmt" count="4"/>
      <line num="33" type="stmt" count="2"/>
      <line num="34" type="stmt" count="2"/>
      <line num="35" type="stmt" count="2"/>
      <line num="36" type="stmt" count="2"/>
      <line num="38" type="stmt" count="2"/>
      <line num="39" type="stmt" count="2"/>
      <line num="40" type="stmt" count="2"/>
      <line num="41" type="stmt" count="2"/>
      <line num="42" type="stmt" count="2"/>
      <line num="45" type="method" name="isSuccess" visibility="private" complexity="2" crap="2" count="7"/>
      <line num="47" type="stmt" count="7"/>
      <line num="50" type="method" name="isFail" visibility="private" complexity="2" crap="2" count="4"/>
      <line num="52" type="stmt" count="4"/>
      <metrics loc="55" ncloc="55" classes="1" methods="4" coveredmethods="4" conditionals="0" coveredconditionals="0" statements="21" coveredstatements="21" elements="25" coveredelements="25"/>
    </file>
    <metrics files="70" loc="2898" ncloc="2675" classes="62" methods="178" coveredmethods="121" conditionals="0" coveredconditionals="0" statements="688" coveredstatements="451" elements="866" coveredelements="572"/>
  </project>
</coverage>
